Der Buildvorgang wurde am 2017-10-23 07:35:24 gestartet.
     1>Projekt "J:\C++\library\lib\lib.vcxproj" auf Knoten "2", Build Ziel(e).
     1>ClCompile:
         C:\Program Files (x86)\Microsoft Visual Studio 14.0\VC\bin\CL.exe /c /Zi /nologo /W3 /WX- /sdl /O2 /Oi /Oy- /GL /Gm- /EHsc /MD /GS /Gy /fp:precise /Zc:wchar_t /Zc:forScope /Zc:inline /Fo"Release\\" /Fd"Release\lib.pdb" /Gd /TP /analyze- /errorReport:prompt src\p3\filemanip.cpp src\p3\image.cpp src\p3\imagemanip.cpp src\p3\parameters.cpp src\p3\stringmanip.cpp src\p3\userprofile.cpp
         filemanip.cpp
         image.cpp
         imagemanip.cpp
     1>src\p3\imagemanip.cpp(166): warning C4018: ">=": Konflikt zwischen "signed" und "unsigned"
     1>src\p3\imagemanip.cpp(231): warning C4018: ">": Konflikt zwischen "signed" und "unsigned"
     1>src\p3\imagemanip.cpp(234): warning C4018: "<": Konflikt zwischen "signed" und "unsigned"
     1>src\p3\imagemanip.cpp(236): warning C4018: "<": Konflikt zwischen "signed" und "unsigned"
     1>src\p3\imagemanip.cpp(238): warning C4244: "Initialisierung": Konvertierung von "double" in "float", möglicher Datenverlust
     1>src\p3\imagemanip.cpp(243): warning C4244: "=": Konvertierung von "float" in "unsigned char", möglicher Datenverlust
     1>src\p3\imagemanip.cpp(314): warning C4244: "=": Konvertierung von "float" in "unsigned char", möglicher Datenverlust
     1>src\p3\imagemanip.cpp(315): warning C4244: "=": Konvertierung von "float" in "unsigned char", möglicher Datenverlust
     1>src\p3\imagemanip.cpp(316): warning C4244: "=": Konvertierung von "float" in "unsigned char", möglicher Datenverlust
         parameters.cpp
     1>src\p3\parameters.cpp(172): warning C4244: "=": Konvertierung von "double" in "float", möglicher Datenverlust
     1>src\p3\parameters.cpp(224): warning C4018: "<": Konflikt zwischen "signed" und "unsigned"
         stringmanip.cpp
         userprofile.cpp
       Lib:
         C:\Program Files (x86)\Microsoft Visual Studio 14.0\VC\bin\Lib.exe /OUT:"J:\C++\library\Release\lib.lib" /NOLOGO /LTCG Release\filemanip.obj
         Release\image.obj
         Release\imagemanip.obj
         Release\parameters.obj
         Release\stringmanip.obj
         Release\userprofile.obj
         lib.vcxproj -> J:\C++\library\Release\lib.lib
     1>Die Erstellung von Projekt "J:\C++\library\lib\lib.vcxproj" ist abgeschlossen (Build Ziel(e)).

Der Buildvorgang wurde erfolgreich ausgeführt.

Verstrichene Zeit 00:00:06.03
